<?xml version="1.0" encoding="UTF-8"?>
<testng-results skipped="0" failed="1" total="6" passed="5">
  <reporter-output>
  </reporter-output>
  <suite name="Suite" duration-ms="68116" started-at="2020-01-13T19:32:57Z" finished-at="2020-01-13T19:34:05Z">
    <groups>
      <group name="Functional">
        <method signature="HomePgaeTest.homePageTittleTest()[pri:1, instance:com.automation.qa.testcases.HomePgaeTest@29774679]" name="homePageTittleTest" class="com.automation.qa.testcases.HomePgaeTest"/>
      </group> <!-- Functional -->
      <group name="Regression">
        <method signature="HomePgaeTest.homePageTittleTest()[pri:1, instance:com.automation.qa.testcases.HomePgaeTest@29774679]" name="homePageTittleTest" class="com.automation.qa.testcases.HomePgaeTest"/>
        <method signature="HomePgaeTest.verifyInValidPromocodeMessage()[pri:4, instance:com.automation.qa.testcases.HomePgaeTest@29774679]" name="verifyInValidPromocodeMessage" class="com.automation.qa.testcases.HomePgaeTest"/>
        <method signature="HomePgaeTest.verifyInvalidSubcription()[pri:3, instance:com.automation.qa.testcases.HomePgaeTest@29774679]" name="verifyInvalidSubcription" class="com.automation.qa.testcases.HomePgaeTest"/>
        <method signature="HomePgaeTest.verifyThatUserCanSearchWithSpecificBrandName()[pri:5, instance:com.automation.qa.testcases.HomePgaeTest@29774679]" name="verifyThatUserCanSearchWithSpecificBrandName" class="com.automation.qa.testcases.HomePgaeTest"/>
        <method signature="HomePgaeTest.verifyValidSubcription()[pri:2, instance:com.automation.qa.testcases.HomePgaeTest@29774679]" name="verifyValidSubcription" class="com.automation.qa.testcases.HomePgaeTest"/>
      </group> <!-- Regression -->
      <group name="Smoke">
        <method signature="HomePgaeTest.homePageTittleTest()[pri:1, instance:com.automation.qa.testcases.HomePgaeTest@29774679]" name="homePageTittleTest" class="com.automation.qa.testcases.HomePgaeTest"/>
        <method signature="HomePgaeTest.verifyInValidPromocodeMessage()[pri:4, instance:com.automation.qa.testcases.HomePgaeTest@29774679]" name="verifyInValidPromocodeMessage" class="com.automation.qa.testcases.HomePgaeTest"/>
        <method signature="HomePgaeTest.verifyInvalidSubcription()[pri:3, instance:com.automation.qa.testcases.HomePgaeTest@29774679]" name="verifyInvalidSubcription" class="com.automation.qa.testcases.HomePgaeTest"/>
        <method signature="HomePgaeTest.verifyThatUserCanSearchWithSpecificBrandName()[pri:5, instance:com.automation.qa.testcases.HomePgaeTest@29774679]" name="verifyThatUserCanSearchWithSpecificBrandName" class="com.automation.qa.testcases.HomePgaeTest"/>
        <method signature="HomePgaeTest.verifyValidSubcription()[pri:2, instance:com.automation.qa.testcases.HomePgaeTest@29774679]" name="verifyValidSubcription" class="com.automation.qa.testcases.HomePgaeTest"/>
      </group> <!-- Smoke -->
    </groups>
    <test name="Test" duration-ms="68116" started-at="2020-01-13T19:32:57Z" finished-at="2020-01-13T19:34:05Z">
      <class name="com.automation.qa.testcases.HomePgaeTest">
        <test-method status="PASS" signature="setUp()[pri:0, instance:com.automation.qa.testcases.HomePgaeTest@29774679]" name="setUp" is-config="true" duration-ms="7709" started-at="2020-01-13T14:32:57Z" finished-at="2020-01-13T14:33:05Z">
          <reporter-output>
          </reporter-output>
        </test-method> <!-- setUp -->
        <test-method status="PASS" signature="homePageTittleTest()[pri:1, instance:com.automation.qa.testcases.HomePgaeTest@29774679]" name="homePageTittleTest" duration-ms="18" started-at="2020-01-13T14:33:05Z" finished-at="2020-01-13T14:33:05Z">
          <reporter-output>
          </reporter-output>
        </test-method> <!-- homePageTittleTest -->
        <test-method status="PASS" signature="tearDown()[pri:0, instance:com.automation.qa.testcases.HomePgaeTest@29774679]" name="tearDown" is-config="true" duration-ms="724" started-at="2020-01-13T14:33:05Z" finished-at="2020-01-13T14:33:06Z">
          <reporter-output>
          </reporter-output>
        </test-method> <!-- tearDown -->
        <test-method status="PASS" signature="setUp()[pri:0, instance:com.automation.qa.testcases.HomePgaeTest@29774679]" name="setUp" is-config="true" duration-ms="5812" started-at="2020-01-13T14:33:06Z" finished-at="2020-01-13T14:33:12Z">
          <reporter-output>
          </reporter-output>
        </test-method> <!-- setUp -->
        <test-method status="PASS" signature="verifyValidSubcription()[pri:2, instance:com.automation.qa.testcases.HomePgaeTest@29774679]" name="verifyValidSubcription" duration-ms="614" started-at="2020-01-13T14:33:12Z" finished-at="2020-01-13T14:33:12Z">
          <reporter-output>
          </reporter-output>
        </test-method> <!-- verifyValidSubcription -->
        <test-method status="PASS" signature="tearDown()[pri:0, instance:com.automation.qa.testcases.HomePgaeTest@29774679]" name="tearDown" is-config="true" duration-ms="691" started-at="2020-01-13T14:33:12Z" finished-at="2020-01-13T14:33:13Z">
          <reporter-output>
          </reporter-output>
        </test-method> <!-- tearDown -->
        <test-method status="PASS" signature="setUp()[pri:0, instance:com.automation.qa.testcases.HomePgaeTest@29774679]" name="setUp" is-config="true" duration-ms="5891" started-at="2020-01-13T14:33:13Z" finished-at="2020-01-13T14:33:19Z">
          <reporter-output>
          </reporter-output>
        </test-method> <!-- setUp -->
        <test-method status="PASS" signature="verifyInvalidSubcription()[pri:3, instance:com.automation.qa.testcases.HomePgaeTest@29774679]" name="verifyInvalidSubcription" duration-ms="3676" started-at="2020-01-13T14:33:19Z" finished-at="2020-01-13T14:33:22Z">
          <reporter-output>
          </reporter-output>
        </test-method> <!-- verifyInvalidSubcription -->
        <test-method status="PASS" signature="tearDown()[pri:0, instance:com.automation.qa.testcases.HomePgaeTest@29774679]" name="tearDown" is-config="true" duration-ms="908" started-at="2020-01-13T14:33:22Z" finished-at="2020-01-13T14:33:23Z">
          <reporter-output>
          </reporter-output>
        </test-method> <!-- tearDown -->
        <test-method status="PASS" signature="setUp()[pri:0, instance:com.automation.qa.testcases.HomePgaeTest@29774679]" name="setUp" is-config="true" duration-ms="8217" started-at="2020-01-13T14:33:23Z" finished-at="2020-01-13T14:33:32Z">
          <reporter-output>
          </reporter-output>
        </test-method> <!-- setUp -->
        <test-method status="PASS" signature="verifyInValidPromocodeMessage()[pri:4, instance:com.automation.qa.testcases.HomePgaeTest@29774679]" name="verifyInValidPromocodeMessage" duration-ms="610" started-at="2020-01-13T14:33:32Z" finished-at="2020-01-13T14:33:32Z">
          <reporter-output>
          </reporter-output>
        </test-method> <!-- verifyInValidPromocodeMessage -->
        <test-method status="PASS" signature="tearDown()[pri:0, instance:com.automation.qa.testcases.HomePgaeTest@29774679]" name="tearDown" is-config="true" duration-ms="709" started-at="2020-01-13T14:33:32Z" finished-at="2020-01-13T14:33:33Z">
          <reporter-output>
          </reporter-output>
        </test-method> <!-- tearDown -->
        <test-method status="PASS" signature="setUp()[pri:0, instance:com.automation.qa.testcases.HomePgaeTest@29774679]" name="setUp" is-config="true" duration-ms="5932" started-at="2020-01-13T14:33:33Z" finished-at="2020-01-13T14:33:39Z">
          <reporter-output>
          </reporter-output>
        </test-method> <!-- setUp -->
        <test-method status="FAIL" signature="verifyThatUserCanSearchWithSpecificBrandName()[pri:5, instance:com.automation.qa.testcases.HomePgaeTest@29774679]" name="verifyThatUserCanSearchWithSpecificBrandName" duration-ms="900" started-at="2020-01-13T14:33:39Z" finished-at="2020-01-13T14:33:40Z">
          <exception class="org.openqa.selenium.InvalidSelectorException">
            <message>
              <![CDATA[invalid selector: Unable to locate an element with the xpath expression //div//h2[contains(text(),'Acorn's Shoes')] because of the following error:
SyntaxError: Failed to execute 'evaluate' on 'Document': The string '//div//h2[contains(text(),'Acorn's Shoes')]' is not a valid XPath expression.
  (Session info: chrome=79.0.3945.117)
  (Driver info: chromedriver=2.36.540470 (e522d04694c7ebea4ba8821272dbef4f9b818c91),platform=Windows NT 10.0.18362 x86_64) (WARNING: The server did not provide any stacktrace information)
Command duration or timeout: 0 milliseconds
For documentation on this error, please visit: http://seleniumhq.org/exceptions/invalid_selector_exception.html
Build info: version: '3.13.0', revision: '2f0d292', time: '2018-06-25T15:24:21.231Z'
System info: host: 'TAYEFS', ip: '192.168.1.162', os.name: 'Windows 10', os.arch: 'amd64', os.version: '10.0', java.version: '1.8.0_121'
Driver info: org.openqa.selenium.chrome.ChromeDriver
Capabilities {acceptInsecureCerts: false, acceptSslCerts: false, applicationCacheEnabled: false, browserConnectionEnabled: false, browserName: chrome, chrome: {chromedriverVersion: 2.36.540470 (e522d04694c7eb..., userDataDir: C:\Users\TAMIM\AppData\Loca...}, cssSelectorsEnabled: true, databaseEnabled: false, handlesAlerts: true, hasTouchScreen: false, javascriptEnabled: true, locationContextEnabled: true, mobileEmulationEnabled: false, nativeEvents: true, networkConnectionEnabled: false, pageLoadStrategy: normal, platform: XP, platformName: XP, rotatable: false, setWindowRect: true, takesHeapSnapshot: true, takesScreenshot: true, unexpectedAlertBehaviour: , unhandledPromptBehavior: , version: 79.0.3945.117, webStorageEnabled: true}
Session ID: 32b5afc7cd646f381250c7ae4b8e55fb
*** Element info: {Using=xpath, value=//div//h2[contains(text(),'Acorn's Shoes')]}]]>
            </message>
            <full-stacktrace>
              <![CDATA[org.openqa.selenium.InvalidSelectorException: invalid selector: Unable to locate an element with the xpath expression //div//h2[contains(text(),'Acorn's Shoes')] because of the following error:
SyntaxError: Failed to execute 'evaluate' on 'Document': The string '//div//h2[contains(text(),'Acorn's Shoes')]' is not a valid XPath expression.
  (Session info: chrome=79.0.3945.117)
  (Driver info: chromedriver=2.36.540470 (e522d04694c7ebea4ba8821272dbef4f9b818c91),platform=Windows NT 10.0.18362 x86_64) (WARNING: The server did not provide any stacktrace information)
Command duration or timeout: 0 milliseconds
For documentation on this error, please visit: http://seleniumhq.org/exceptions/invalid_selector_exception.html
Build info: version: '3.13.0', revision: '2f0d292', time: '2018-06-25T15:24:21.231Z'
System info: host: 'TAYEFS', ip: '192.168.1.162', os.name: 'Windows 10', os.arch: 'amd64', os.version: '10.0', java.version: '1.8.0_121'
Driver info: org.openqa.selenium.chrome.ChromeDriver
Capabilities {acceptInsecureCerts: false, acceptSslCerts: false, applicationCacheEnabled: false, browserConnectionEnabled: false, browserName: chrome, chrome: {chromedriverVersion: 2.36.540470 (e522d04694c7eb..., userDataDir: C:\Users\TAMIM\AppData\Loca...}, cssSelectorsEnabled: true, databaseEnabled: false, handlesAlerts: true, hasTouchScreen: false, javascriptEnabled: true, locationContextEnabled: true, mobileEmulationEnabled: false, nativeEvents: true, networkConnectionEnabled: false, pageLoadStrategy: normal, platform: XP, platformName: XP, rotatable: false, setWindowRect: true, takesHeapSnapshot: true, takesScreenshot: true, unexpectedAlertBehaviour: , unhandledPromptBehavior: , version: 79.0.3945.117, webStorageEnabled: true}
Session ID: 32b5afc7cd646f381250c7ae4b8e55fb
*** Element info: {Using=xpath, value=//div//h2[contains(text(),'Acorn's Shoes')]}
	at sun.reflect.NativeConstructorAccessorImpl.newInstance0(Native Method)
	at sun.reflect.NativeConstructorAccessorImpl.newInstance(NativeConstructorAccessorImpl.java:62)
	at sun.reflect.DelegatingConstructorAccessorImpl.newInstance(DelegatingConstructorAccessorImpl.java:45)
	at java.lang.reflect.Constructor.newInstance(Constructor.java:423)
	at org.openqa.selenium.remote.ErrorHandler.createThrowable(ErrorHandler.java:214)
	at org.openqa.selenium.remote.ErrorHandler.throwIfResponseFailed(ErrorHandler.java:166)
	at org.openqa.selenium.remote.http.JsonHttpResponseCodec.reconstructValue(JsonHttpResponseCodec.java:40)
	at org.openqa.selenium.remote.http.AbstractHttpResponseCodec.decode(AbstractHttpResponseCodec.java:80)
	at org.openqa.selenium.remote.http.AbstractHttpResponseCodec.decode(AbstractHttpResponseCodec.java:44)
	at org.openqa.selenium.remote.HttpCommandExecutor.execute(HttpCommandExecutor.java:158)
	at org.openqa.selenium.remote.service.DriverCommandExecutor.execute(DriverCommandExecutor.java:83)
	at org.openqa.selenium.remote.RemoteWebDriver.execute(RemoteWebDriver.java:548)
	at org.openqa.selenium.remote.RemoteWebDriver.findElement(RemoteWebDriver.java:322)
	at org.openqa.selenium.remote.RemoteWebDriver.findElementByXPath(RemoteWebDriver.java:424)
	at org.openqa.selenium.By$ByXPath.findElement(By.java:353)
	at org.openqa.selenium.remote.RemoteWebDriver.findElement(RemoteWebDriver.java:314)
	at org.openqa.selenium.support.pagefactory.DefaultElementLocator.findElement(DefaultElementLocator.java:69)
	at org.openqa.selenium.support.pagefactory.internal.LocatingElementHandler.invoke(LocatingElementHandler.java:38)
	at com.sun.proxy.$Proxy9.getText(Unknown Source)
	at com.automation.qa.pages.HomePage.searchByBrand(HomePage.java:112)
	at com.automation.qa.testcases.HomePgaeTest.verifyThatUserCanSearchWithSpecificBrandName(HomePgaeTest.java:84)
	at sun.reflect.NativeMethodAccessorImpl.invoke0(Native Method)
	at sun.reflect.NativeMethodAccessorImpl.invoke(NativeMethodAccessorImpl.java:62)
	at sun.reflect.DelegatingMethodAccessorImpl.invoke(DelegatingMethodAccessorImpl.java:43)
	at java.lang.reflect.Method.invoke(Method.java:498)
	at org.testng.internal.MethodInvocationHelper.invokeMethod(MethodInvocationHelper.java:85)
	at org.testng.internal.Invoker.invokeMethod(Invoker.java:639)
	at org.testng.internal.Invoker.invokeTestMethod(Invoker.java:816)
	at org.testng.internal.Invoker.invokeTestMethods(Invoker.java:1124)
	at org.testng.internal.TestMethodWorker.invokeTestMethods(TestMethodWorker.java:125)
	at org.testng.internal.TestMethodWorker.run(TestMethodWorker.java:108)
	at org.testng.TestRunner.privateRun(TestRunner.java:774)
	at org.testng.TestRunner.run(TestRunner.java:624)
	at org.testng.SuiteRunner.runTest(SuiteRunner.java:359)
	at org.testng.SuiteRunner.runSequentially(SuiteRunner.java:354)
	at org.testng.SuiteRunner.privateRun(SuiteRunner.java:312)
	at org.testng.SuiteRunner.run(SuiteRunner.java:261)
	at org.testng.SuiteRunnerWorker.runSuite(SuiteRunnerWorker.java:52)
	at org.testng.SuiteRunnerWorker.run(SuiteRunnerWorker.java:86)
	at org.testng.TestNG.runSuitesSequentially(TestNG.java:1191)
	at org.testng.TestNG.runSuitesLocally(TestNG.java:1116)
	at org.testng.TestNG.run(TestNG.java:1024)
	at org.testng.remote.AbstractRemoteTestNG.run(AbstractRemoteTestNG.java:114)
	at org.testng.remote.RemoteTestNG.initAndRun(RemoteTestNG.java:251)
	at org.testng.remote.RemoteTestNG.main(RemoteTestNG.java:77)
]]>
            </full-stacktrace>
          </exception> <!-- org.openqa.selenium.InvalidSelectorException -->
          <reporter-output>
          </reporter-output>
        </test-method> <!-- verifyThatUserCanSearchWithSpecificBrandName -->
        <test-method status="PASS" signature="tearDown()[pri:0, instance:com.automation.qa.testcases.HomePgaeTest@29774679]" name="tearDown" is-config="true" duration-ms="1100" started-at="2020-01-13T14:33:40Z" finished-at="2020-01-13T14:33:41Z">
          <reporter-output>
          </reporter-output>
        </test-method> <!-- tearDown -->
        <test-method status="PASS" signature="setUp()[pri:0, instance:com.automation.qa.testcases.HomePgaeTest@29774679]" name="setUp" is-config="true" duration-ms="15820" started-at="2020-01-13T14:33:41Z" finished-at="2020-01-13T14:33:57Z">
          <reporter-output>
          </reporter-output>
        </test-method> <!-- setUp -->
        <test-method status="PASS" signature="printlist()[pri:6, instance:com.automation.qa.testcases.HomePgaeTest@29774679]" name="printlist" duration-ms="8033" started-at="2020-01-13T14:33:57Z" finished-at="2020-01-13T14:34:05Z">
          <reporter-output>
          </reporter-output>
        </test-method> <!-- printlist -->
        <test-method status="PASS" signature="tearDown()[pri:0, instance:com.automation.qa.testcases.HomePgaeTest@29774679]" name="tearDown" is-config="true" duration-ms="718" started-at="2020-01-13T14:34:05Z" finished-at="2020-01-13T14:34:05Z">
          <reporter-output>
          </reporter-output>
        </test-method> <!-- tearDown -->
      </class> <!-- com.automation.qa.testcases.HomePgaeTest -->
    </test> <!-- Test -->
  </suite> <!-- Suite -->
</testng-results>
